# Bad spawns : 5/27/2016 11:55:56 PM
# Format: X Y Z F Name

1495	1721	7	Trammel	Naturalist
1414	1594	30	Trammel	Naturalist
1574	1697	35	Trammel	Naturalist
1393	3769	0	Trammel	Naturalist
5240	174	15	Trammel	Naturalist
850	1544	0	Trammel	Grizelda
2679	2234	2	Trammel	Blackheart


# Bad spawns : 5/28/2016 1:56:07 PM
# Format: X Y Z F Name

1495	1721	7	Trammel	Naturalist
1414	1594	30	Trammel	Naturalist
1574	1697	35	Trammel	Naturalist
1393	3769	0	Trammel	Naturalist
5240	174	15	Trammel	Naturalist
850	1544	0	Trammel	Grizelda
2679	2234	2	Trammel	Blackheart


# Bad spawns : 5/28/2016 2:02:36 PM
# Format: X Y Z F Name

1495	1721	7	Trammel	Naturalist
1414	1594	30	Trammel	Naturalist
1574	1697	35	Trammel	Naturalist
1393	3769	0	Trammel	Naturalist
5240	174	15	Trammel	Naturalist
850	1544	0	Trammel	Grizelda
2679	2234	2	Trammel	Blackheart


# Bad spawns : 5/28/2016 2:24:40 PM
# Format: X Y Z F Name

1495	1721	7	Trammel	Naturalist
1414	1594	30	Trammel	Naturalist
1574	1697	35	Trammel	Naturalist
1393	3769	0	Trammel	Naturalist
5240	174	15	Trammel	Naturalist
850	1544	0	Trammel	Grizelda
2679	2234	2	Trammel	Blackheart


# Bad spawns : 5/28/2016 2:41:23 PM
# Format: X Y Z F Name

1495	1721	7	Trammel	Naturalist
1414	1594	30	Trammel	Naturalist
1574	1697	35	Trammel	Naturalist
1393	3769	0	Trammel	Naturalist
5240	174	15	Trammel	Naturalist
850	1544	0	Trammel	Grizelda
2679	2234	2	Trammel	Blackheart


# Bad spawns : 5/28/2016 2:45:46 PM
# Format: X Y Z F Name

1495	1721	7	Trammel	Naturalist
1414	1594	30	Trammel	Naturalist
1574	1697	35	Trammel	Naturalist
1393	3769	0	Trammel	Naturalist
5240	174	15	Trammel	Naturalist
850	1544	0	Trammel	Grizelda
2679	2234	2	Trammel	Blackheart


# Bad spawns : 5/28/2016 2:57:14 PM
# Format: X Y Z F Name

1495	1721	7	Trammel	Naturalist
1414	1594	30	Trammel	Naturalist
1574	1697	35	Trammel	Naturalist
1393	3769	0	Trammel	Naturalist
5240	174	15	Trammel	Naturalist
850	1544	0	Trammel	Grizelda
2679	2234	2	Trammel	Blackheart


# Bad spawns : 5/28/2016 3:20:20 PM
# Format: X Y Z F Name

1495	1721	7	Trammel	Naturalist
1414	1594	30	Trammel	Naturalist
1574	1697	35	Trammel	Naturalist
1393	3769	0	Trammel	Naturalist
5240	174	15	Trammel	Naturalist
850	1544	0	Trammel	Grizelda
2679	2234	2	Trammel	Blackheart


# Bad spawns : 5/28/2016 6:38:34 PM
# Format: X Y Z F Name

1495	1721	7	Trammel	Naturalist
1414	1594	30	Trammel	Naturalist
1574	1697	35	Trammel	Naturalist
1393	3769	0	Trammel	Naturalist
5240	174	15	Trammel	Naturalist
850	1544	0	Trammel	Grizelda
2679	2234	2	Trammel	Blackheart


# Bad spawns : 5/28/2016 9:14:38 PM
# Format: X Y Z F Name

1495	1721	7	Trammel	Naturalist
1414	1594	30	Trammel	Naturalist
1574	1697	35	Trammel	Naturalist
1393	3769	0	Trammel	Naturalist
5240	174	15	Trammel	Naturalist
850	1544	0	Trammel	Grizelda
2679	2234	2	Trammel	Blackheart


# Bad spawns : 5/30/2016 7:26:59 PM
# Format: X Y Z F Name

1495	1721	7	Trammel	Naturalist
1414	1594	30	Trammel	Naturalist
1574	1697	35	Trammel	Naturalist
1393	3769	0	Trammel	Naturalist
5240	174	15	Trammel	Naturalist
850	1544	0	Trammel	Grizelda
2679	2234	2	Trammel	Blackheart


# Bad spawns : 5/30/2016 9:21:43 PM
# Format: X Y Z F Name

1495	1721	7	Trammel	Naturalist
1414	1594	30	Trammel	Naturalist
1574	1697	35	Trammel	Naturalist
1393	3769	0	Trammel	Naturalist
5240	174	15	Trammel	Naturalist
850	1544	0	Trammel	Grizelda
2679	2234	2	Trammel	Blackheart


# Bad spawns : 5/31/2016 8:28:39 PM
# Format: X Y Z F Name

1495	1721	7	Trammel	Naturalist
1414	1594	30	Trammel	Naturalist
1574	1697	35	Trammel	Naturalist
1393	3769	0	Trammel	Naturalist
5240	174	15	Trammel	Naturalist
850	1544	0	Trammel	Grizelda
2679	2234	2	Trammel	Blackheart


# Bad spawns : 5/31/2016 8:47:52 PM
# Format: X Y Z F Name

1495	1721	7	Trammel	Naturalist
1414	1594	30	Trammel	Naturalist
1574	1697	35	Trammel	Naturalist
1393	3769	0	Trammel	Naturalist
5240	174	15	Trammel	Naturalist
850	1544	0	Trammel	Grizelda
2679	2234	2	Trammel	Blackheart


# Bad spawns : 5/31/2016 11:04:49 PM
# Format: X Y Z F Name

1495	1721	7	Trammel	Naturalist
1414	1594	30	Trammel	Naturalist
1574	1697	35	Trammel	Naturalist
1393	3769	0	Trammel	Naturalist
5240	174	15	Trammel	Naturalist
850	1544	0	Trammel	Grizelda
2679	2234	2	Trammel	Blackheart


# Bad spawns : 5/31/2016 11:58:45 PM
# Format: X Y Z F Name

1495	1721	7	Trammel	Naturalist
1414	1594	30	Trammel	Naturalist
1574	1697	35	Trammel	Naturalist
1393	3769	0	Trammel	Naturalist
5240	174	15	Trammel	Naturalist
850	1544	0	Trammel	Grizelda
2679	2234	2	Trammel	Blackheart


# Bad spawns : 5/31/2016 11:59:56 PM
# Format: X Y Z F Name

1495	1721	7	Trammel	Naturalist
1414	1594	30	Trammel	Naturalist
1574	1697	35	Trammel	Naturalist
1393	3769	0	Trammel	Naturalist
5240	174	15	Trammel	Naturalist
850	1544	0	Trammel	Grizelda
2679	2234	2	Trammel	Blackheart


# Bad spawns : 6/1/2016 12:08:55 AM
# Format: X Y Z F Name

1495	1721	7	Trammel	Naturalist
1414	1594	30	Trammel	Naturalist
1574	1697	35	Trammel	Naturalist
1393	3769	0	Trammel	Naturalist
5240	174	15	Trammel	Naturalist
850	1544	0	Trammel	Grizelda
2679	2234	2	Trammel	Blackheart


# Bad spawns : 6/1/2016 12:29:01 AM
# Format: X Y Z F Name

1495	1721	7	Trammel	Naturalist
1414	1594	30	Trammel	Naturalist
1574	1697	35	Trammel	Naturalist
1393	3769	0	Trammel	Naturalist
5240	174	15	Trammel	Naturalist
850	1544	0	Trammel	Grizelda
2679	2234	2	Trammel	Blackheart


# Bad spawns : 6/1/2016 12:44:44 AM
# Format: X Y Z F Name

1495	1721	7	Trammel	Naturalist
1414	1594	30	Trammel	Naturalist
1574	1697	35	Trammel	Naturalist
1393	3769	0	Trammel	Naturalist
5240	174	15	Trammel	Naturalist
850	1544	0	Trammel	Grizelda
2679	2234	2	Trammel	Blackheart


# Bad spawns : 6/1/2016 12:54:30 AM
# Format: X Y Z F Name

1495	1721	7	Trammel	Naturalist
1414	1594	30	Trammel	Naturalist
1574	1697	35	Trammel	Naturalist
1393	3769	0	Trammel	Naturalist
5240	174	15	Trammel	Naturalist
850	1544	0	Trammel	Grizelda
2679	2234	2	Trammel	Blackheart


# Bad spawns : 6/1/2016 2:08:49 AM
# Format: X Y Z F Name

1495	1721	7	Trammel	Naturalist
1414	1594	30	Trammel	Naturalist
1574	1697	35	Trammel	Naturalist
1393	3769	0	Trammel	Naturalist
5240	174	15	Trammel	Naturalist
850	1544	0	Trammel	Grizelda
2679	2234	2	Trammel	Blackheart


# Bad spawns : 6/1/2016 2:09:42 AM
# Format: X Y Z F Name

1495	1721	7	Trammel	Naturalist
1414	1594	30	Trammel	Naturalist
1574	1697	35	Trammel	Naturalist
1393	3769	0	Trammel	Naturalist
5240	174	15	Trammel	Naturalist
850	1544	0	Trammel	Grizelda
2679	2234	2	Trammel	Blackheart


<<<<<<< HEAD
# Bad spawns : 6/1/2016 10:35:30 PM
=======
# Bad spawns : 6/1/2016 9:55:46 PM
>>>>>>> fc7fc106ff48dbf187d46a2523b393350330df38
# Format: X Y Z F Name

1495	1721	7	Trammel	Naturalist
1414	1594	30	Trammel	Naturalist
1574	1697	35	Trammel	Naturalist
1393	3769	0	Trammel	Naturalist
5240	174	15	Trammel	Naturalist
850	1544	0	Trammel	Grizelda
2679	2234	2	Trammel	Blackheart


<<<<<<< HEAD
# Bad spawns : 6/1/2016 10:36:12 PM
=======
# Bad spawns : 6/1/2016 10:00:06 PM
# Format: X Y Z F Name

1495	1721	7	Trammel	Naturalist
1414	1594	30	Trammel	Naturalist
1574	1697	35	Trammel	Naturalist
1393	3769	0	Trammel	Naturalist
5240	174	15	Trammel	Naturalist
850	1544	0	Trammel	Grizelda
2679	2234	2	Trammel	Blackheart


# Bad spawns : 6/2/2016 12:24:38 AM
# Format: X Y Z F Name

1495	1721	7	Trammel	Naturalist
1414	1594	30	Trammel	Naturalist
1574	1697	35	Trammel	Naturalist
1393	3769	0	Trammel	Naturalist
5240	174	15	Trammel	Naturalist
850	1544	0	Trammel	Grizelda
2679	2234	2	Trammel	Blackheart


# Bad spawns : 6/2/2016 12:32:30 AM
# Format: X Y Z F Name

1495	1721	7	Trammel	Naturalist
1414	1594	30	Trammel	Naturalist
1574	1697	35	Trammel	Naturalist
1393	3769	0	Trammel	Naturalist
5240	174	15	Trammel	Naturalist
850	1544	0	Trammel	Grizelda
2679	2234	2	Trammel	Blackheart


# Bad spawns : 6/2/2016 12:37:16 AM
>>>>>>> fc7fc106ff48dbf187d46a2523b393350330df38
# Format: X Y Z F Name

1495	1721	7	Trammel	Naturalist
1414	1594	30	Trammel	Naturalist
1574	1697	35	Trammel	Naturalist
1393	3769	0	Trammel	Naturalist
5240	174	15	Trammel	Naturalist
850	1544	0	Trammel	Grizelda
2679	2234	2	Trammel	Blackheart


